<?xml version="1.0" encoding="UTF-8"?>
<testsuite xmlns:xsi="http://www.w3.org/2001/XMLSchema-instance" xsi:noNamespaceSchemaLocation="https://maven.apache.org/surefire/maven-surefire-plugin/xsd/surefire-test-report-3.0.xsd" version="3.0" name="FiniteAutomatonTest" time="0.039" tests="4" errors="0" skipped="0" failures="0">
  <properties>
[...]
</properties>
  <testcase name="testMultipleMatches" classname="FiniteAutomatonTest" time="0.02"/>
  <testcase name="testPartialMatch" classname="FiniteAutomatonTest" time="0.001"/>
  <testcase name="testNoMatch" classname="FiniteAutomatonTest" time="0.001"/>
  <testcase name="testCompleteMatch" classname="FiniteAutomatonTest" time="0.001"/>
</testsuite>